<?xml version="1.0" encoding="UTF-8"?>
<testsuite xmlns:xsi="http://www.w3.org/2001/XMLSchema-instance" xsi:noNamespaceSchemaLocation="https://maven.apache.org/surefire/maven-surefire-plugin/xsd/surefire-test-report.xsd" name="org.wso2.balana.BaseTestCase" time="2.296" tests="26" errors="0" skipped="0" failures="0">
  <properties>
[...]
</properties>
  <testcase name="testConformanceTestA" classname="org.wso2.balana.conformance.ConformanceTestV2" time="0.596"/>
  <testcase name="testConformanceTestB" classname="org.wso2.balana.conformance.ConformanceTestV2" time="0.268"/>
  <testcase name="testConformanceTestC" classname="org.wso2.balana.conformance.ConformanceTestV2" time="0.833"/>
  <testcase name="testConformanceTestD" classname="org.wso2.balana.conformance.ConformanceTestV2" time="0.084"/>
  <testcase name="testConformanceTestA" classname="org.wso2.balana.conformance.ConformanceTestV3" time="0.129"/>
  <testcase name="testConformanceTestA" classname="org.wso2.balana.conformance.ConformanceTestV3" time="0.087"/>
  <testcase name="testBasicTest0001" classname="org.wso2.balana.basic.BasicTestV3" time="0.018"/>
  <testcase name="testBasicTest0002" classname="org.wso2.balana.basic.BasicTestV3" time="0.007"/>
  <testcase name="testBasicTest0003" classname="org.wso2.balana.basic.BasicTestV3" time="0.009"/>
  <testcase name="testBasicTest0004" classname="org.wso2.balana.basic.BasicTestV3" time="0.009"/>
  <testcase name="testBasicTest0005" classname="org.wso2.balana.basic.BasicTestV3" time="0.01"/>
  <testcase name="testBasicTest0001" classname="org.wso2.balana.basic.TestFunctionV3" time="0.007"/>
  <testcase name="testBasicTest0002" classname="org.wso2.balana.basic.TestFunctionV3" time="0.008"/>
  <testcase name="testBasicTest0003" classname="org.wso2.balana.basic.TestFunctionV3" time="0.006"/>
  <testcase name="testBasicTest0004" classname="org.wso2.balana.basic.TestFunctionV3" time="0.01"/>
  <testcase name="testBasicTest0005" classname="org.wso2.balana.basic.TestFunctionV3" time="0.01"/>
  <testcase name="testBasicTest0001" classname="org.wso2.balana.basic.TestMultipleRequestV3" time="0.009"/>
  <testcase name="testBasicTest0001" classname="org.wso2.balana.basic.TestXPathV3" time="0.035"/>
  <testcase name="testBasicTest0002" classname="org.wso2.balana.basic.TestXPathV3" time="0.017"/>
  <testcase name="testBasicTest0003" classname="org.wso2.balana.basic.TestXPathV3" time="0.015"/>
  <testcase name="testBasicTest0004" classname="org.wso2.balana.basic.TestXPathV3" time="0.014"/>
  <testcase name="testBasicTest0005" classname="org.wso2.balana.basic.TestXPathV3" time="0.012"/>
  <testcase name="testAdvanceTest0001" classname="org.wso2.balana.advance.AdvanceTestV3" time="0.002"/>
  <testcase name="testAdvanceTest0003" classname="org.wso2.balana.advance.AdvanceTestV3" time="0.018"/>
  <testcase name="testCheckInputs" classname="org.wso2.balana.advance.XACML3HigherOrderFunctionTest" time="0"/>
  <testcase name="testEvaluate" classname="org.wso2.balana.advance.XACML3HigherOrderFunctionTest" time="0.002"/>
</testsuite>